<?xml version="1.0" encoding="UTF-8"?>
<testsuite name="tests.DomainTeste.StudentTest" tests="10" skipped="0" failures="0" errors="0" timestamp="2019-02-28T14:21:32" hostname="DESKTOP-BM5714V" time="0.034">
  <properties/>
  <testcase name="getID" classname="tests.DomainTeste.StudentTest" time="0.0"/>
  <testcase name="getNumeProfesor" classname="tests.DomainTeste.StudentTest" time="0.0"/>
  <testcase name="setID" classname="tests.DomainTeste.StudentTest" time="0.001"/>
  <testcase name="setNumele" classname="tests.DomainTeste.StudentTest" time="0.001"/>
  <testcase name="getNumele" classname="tests.DomainTeste.StudentTest" time="0.0"/>
  <testcase name="setNumeProfesor" classname="tests.DomainTeste.StudentTest" time="0.001"/>
  <testcase name="setEmail" classname="tests.DomainTeste.StudentTest" time="0.002"/>
  <testcase name="setGrupa" classname="tests.DomainTeste.StudentTest" time="0.001"/>
  <testcase name="getEmail" classname="tests.DomainTeste.StudentTest" time="0.003"/>
  <testcase name="getGrupa" classname="tests.DomainTeste.StudentTest" time="0.004"/>
  <system-out><![CDATA[]]></system-out>
  <system-err><![CDATA[]]></system-err>
</testsuite>
