<?xml version="1.0" encoding="UTF-8"?>
<testsuite name="tests.DomainTeste.NotaTest" tests="1" skipped="0" failures="0" errors="0" timestamp="2019-02-28T14:21:32" hostname="DESKTOP-BM5714V" time="0.005">
  <properties/>
  <testcase name="calculeazaNota" classname="tests.DomainTeste.NotaTest" time="0.005"/>
  <system-out><![CDATA[]]></system-out>
  <system-err><![CDATA[]]></system-err>
</testsuite>
